[20:55:18] [ServerMain/INFO]: Environment: Environment[sessionHost=https://sessionserver.mojang.com, servicesHost=https://api.minecraftservices.com, name=PROD]
[20:55:21] [ServerMain/INFO]: Loaded 1337 recipes
[20:55:22] [ServerMain/INFO]: Loaded 1448 advancements
[20:55:22] [Server thread/INFO]: Starting minecraft server version 1.21.3
[20:55:22] [Server thread/INFO]: Loading properties
[20:55:22] [Server thread/INFO]: Default game type: SURVIVAL
[20:55:22] [Server thread/INFO]: Generating keypair
[20:55:22] [Server thread/INFO]: Starting Minecraft server on *:25565
[20:55:22] [Server thread/INFO]: Using epoll channel type
[20:55:22] [Server thread/WARN]: **** SERVER IS RUNNING IN OFFLINE/INSECURE MODE!
[20:55:22] [Server thread/WARN]: The server will make no attempt to authenticate usernames. Beware.
[20:55:22] [Server thread/WARN]: While this makes the game possible to play without internet access, it also opens up the ability for hackers to connect with any username they choose.
[20:55:22] [Server thread/WARN]: To change this, set "online-mode" to "true" in the server.properties file.
[20:55:22] [Server thread/INFO]: Preparing level "world"
[20:55:23] [Server thread/INFO]: Preparing start region for dimension minecraft:overworld
[20:55:23] [Server thread/INFO]: Time elapsed: 23 ms
[20:55:23] [Server thread/INFO]: Done (0.505s)! For help, type "help"
[20:55:29] [Server thread/INFO]: urielmiserable[/127.2.183.102:50701] logged in with entity id 1 at (512.5625687690604, -47.0, -150.47382406668993)
[20:55:29] [Server thread/INFO]: urielmiserable joined the game
[20:55:30] [Server thread/WARN]: Can't keep up! Is the server overloaded? Running 5237ms or 104 ticks behind
[20:55:31] [Server thread/INFO]: ThiaguitoOwO2021[/127.20.82.188:49011] logged in with entity id 91 at (76.46677400936763, 68.0, 65.73937604674683)
[20:55:31] [Server thread/INFO]: ThiaguitoOwO2021 joined the game
[20:56:01] [Server thread/INFO]: elguatavo7u7159[/127.76.145.212:59287] logged in with entity id 652 at (48.69999998807907, 63.0, 120.69999998807907)
[20:56:01] [Server thread/INFO]: elguatavo7u7159 joined the game
[20:56:11] [Server thread/INFO]: ThiaguitoOwO2021 has reached the goal [Zombie Doctor]
[20:57:32] [Server thread/INFO]: ThiaguitoOwO2021 lost connection: Timed out
[20:57:32] [Server thread/INFO]: ThiaguitoOwO2021 left the game
[20:57:47] [Server thread/INFO]: ThiaguitoOwO2021[/127.20.82.188:45363] logged in with entity id 1390 at (58.37315363197431, 66.7531999805212, 70.64537755291927)
[20:57:47] [Server thread/INFO]: ThiaguitoOwO2021 joined the game
[21:00:28] [Server thread/INFO]: Stopping the server
[21:00:28] [Server thread/INFO]: Stopping server
[21:00:28] [Server thread/INFO]: Saving players
[21:00:28] [Server thread/INFO]: urielmiserable lost connection: Server closed
[21:00:28] [Server thread/INFO]: urielmiserable left the game
[21:00:28] [Server thread/INFO]: ThiaguitoOwO2021 lost connection: Server closed
[21:00:28] [Server thread/INFO]: ThiaguitoOwO2021 left the game
[21:00:28] [Server thread/INFO]: Saving worlds
[21:00:29] [Server thread/INFO]: Saving chunks for level 'ServerLevel[world]'/minecraft:overworld
[21:00:29] [Server thread/INFO]: Saving chunks for level 'ServerLevel[world]'/minecraft:the_end
[21:00:29] [Server thread/INFO]: Saving chunks for level 'ServerLevel[world]'/minecraft:the_nether
[21:00:29] [Server thread/INFO]: ThreadedAnvilChunkStorage (world): All chunks are saved
[21:00:29] [Server thread/INFO]: ThreadedAnvilChunkStorage (DIM1): All chunks are saved
[21:00:29] [Server thread/INFO]: ThreadedAnvilChunkStorage (DIM-1): All chunks are saved
[21:00:29] [Server thread/INFO]: ThreadedAnvilChunkStorage: All dimensions are saved
